<?xml version="1.0" encoding="utf-8"?><testsuites name="pytest tests"><testsuite name="pytest" errors="0" failures="0" skipped="0" tests="30" time="2.944" timestamp="2026-05-26T16:19:26.028384+00:00" hostname="agent-env-61d46bc0-e99b-481a-b241-db5bb117df29"><testcase classname="backend.tests.test_playpal_api.TestHealth" name="test_root" time="0.180" /><testcase classname="backend.tests.test_playpal_api.TestAuth" name="test_request_otp_ok" time="0.056" /><testcase classname="backend.tests.test_playpal_api.TestAuth" name="test_verify_otp_new_then_existing" time="0.158" /><testcase classname="backend.tests.test_playpal_api.TestAuth" name="test_verify_otp_invalid_code" time="0.095" /><testcase classname="backend.tests.test_playpal_api.TestUsers" name="test_profile_update" time="0.205" /><testcase classname="backend.tests.test_playpal_api.TestUsers" name="test_sports_update_sets_onboarded" time="0.052" /><testcase classname="backend.tests.test_playpal_api.TestUsers" name="test_get_user_404" time="0.054" /><testcase classname="backend.tests.test_playpal_api.TestUsers" name="test_user_history" time="0.119" /><testcase classname="backend.tests.test_playpal_api.TestMatches" name="test_list_matches" time="0.052" /><testcase classname="backend.tests.test_playpal_api.TestMatches" name="test_filter_by_sport" time="0.050" /><testcase classname="backend.tests.test_playpal_api.TestMatches" name="test_filter_when_today" time="0.048" /><testcase classname="backend.tests.test_playpal_api.TestMatches" name="test_match_detail_and_join_idempotent" time="0.203" /><testcase classname="backend.tests.test_playpal_api.TestMatches" name="test_create_match" time="0.107" /><testcase classname="backend.tests.test_playpal_api.TestTeams" name="test_list_teams" time="0.050" /><testcase classname="backend.tests.test_playpal_api.TestTeams" name="test_team_detail_populated" time="0.101" /><testcase classname="backend.tests.test_playpal_api.TestTeams" name="test_create_team" time="0.050" /><testcase classname="backend.tests.test_playpal_api.TestChats" name="test_list_requires_user_id" time="0.054" /><testcase classname="backend.tests.test_playpal_api.TestChats" name="test_list_for_seeded_user" time="0.102" /><testcase classname="backend.tests.test_playpal_api.TestChats" name="test_list_filter_kind_team" time="0.096" /><testcase classname="backend.tests.test_playpal_api.TestChats" name="test_chat_detail_with_messages" time="0.150" /><testcase classname="backend.tests.test_playpal_api.TestChats" name="test_send_text_message" time="0.196" /><testcase classname="backend.tests.test_playpal_api.TestChats" name="test_send_poll_message" time="0.147" /><testcase classname="backend.tests.test_playpal_api.TestContactsDiscovery" name="test_contacts_suggested" time="0.047" /><testcase classname="backend.tests.test_playpal_api.TestContactsDiscovery" name="test_discovery_try_new" time="0.051" /><testcase classname="backend.tests.test_playpal_api.TestContactsDiscovery" name="test_discovery_competitions" time="0.053" /><testcase classname="backend.tests.test_playpal_api.TestNoIdLeak" name="test_no_id_leak_list_endpoints[/matches]" time="0.056" /><testcase classname="backend.tests.test_playpal_api.TestNoIdLeak" name="test_no_id_leak_list_endpoints[/teams]" time="0.051" /><testcase classname="backend.tests.test_playpal_api.TestNoIdLeak" name="test_no_id_leak_list_endpoints[/contacts/suggested]" time="0.052" /><testcase classname="backend.tests.test_playpal_api.TestNoIdLeak" name="test_no_id_leak_list_endpoints[/discovery/try-new]" time="0.048" /><testcase classname="backend.tests.test_playpal_api.TestNoIdLeak" name="test_no_id_leak_list_endpoints[/discovery/competitions]" time="0.049" /></testsuite></testsuites>